\BOOKMARK [1][-]{section.1}{\376\377\000I\000n\000t\000r\000o\000d\000u\000c\000t\000i\000o\000n}{}% 1
\BOOKMARK [2][-]{subsection.1.1}{\376\377\000T\000h\000e\000\040\000P\000r\000o\000b\000l\000e\000m}{section.1}% 2
\BOOKMARK [2][-]{subsection.1.2}{\376\377\000M\000e\000t\000h\000o\000d\000o\000l\000o\000g\000y}{section.1}% 3
\BOOKMARK [1][-]{section.2}{\376\377\000M\000e\000s\000h\000\040\000C\000r\000e\000a\000t\000i\000o\000n}{}% 4
\BOOKMARK [1][-]{section.3}{\376\377\000N\000u\000m\000e\000r\000i\000c\000a\000l\000\040\000S\000i\000m\000u\000l\000a\000t\000i\000o\000n}{}% 5
\BOOKMARK [2][-]{subsection.3.1}{\376\377\000T\000i\000m\000e\000\040\000I\000n\000d\000e\000p\000e\000n\000d\000e\000n\000t\000\040\000P\000r\000o\000b\000l\000e\000m}{section.3}% 6
\BOOKMARK [2][-]{subsection.3.2}{\376\377\000V\000a\000r\000i\000a\000t\000i\000o\000n\000a\000l\000\040\000F\000o\000r\000m\000u\000l\000a\000t\000i\000o\000n\000\040\000o\000f\000\040\000t\000h\000e\000\040\000T\000i\000m\000e\000\040\000D\000e\000p\000e\000n\000d\000e\000n\000t\000\040\000P\000r\000o\000b\000l\000e\000m}{section.3}% 7
\BOOKMARK [2][-]{subsection.3.3}{\376\377\000G\000a\000l\000e\000r\000k\000i\000n\000\040\000A\000p\000p\000r\000o\000x\000i\000m\000a\000t\000i\000o\000n}{section.3}% 8
\BOOKMARK [2][-]{subsection.3.4}{\376\377\000T\000i\000m\000e\000\040\000D\000i\000s\000c\000r\000e\000t\000i\000z\000a\000t\000i\000o\000n}{section.3}% 9
\BOOKMARK [2][-]{subsection.3.5}{\376\377\000T\000i\000m\000e\000\040\000D\000i\000s\000c\000r\000e\000t\000i\000z\000a\000t\000i\000o\000n\000\040\000T\000e\000s\000t}{section.3}% 10
\BOOKMARK [2][-]{subsection.3.6}{\376\377\000S\000i\000m\000u\000l\000a\000t\000i\000o\000n\000\040\000w\000i\000t\000h\000\040\000R\000e\000s\000o\000n\000a\000t\000o\000r\000s}{section.3}% 11
\BOOKMARK [2][-]{subsection.3.7}{\376\377\000R\000u\000n\000t\000i\000m\000e\000\040\000I\000m\000p\000r\000o\000v\000e\000m\000e\000n\000t\000s}{section.3}% 12
\BOOKMARK [1][-]{section.4}{\376\377\000R\000e\000f\000e\000r\000e\000n\000c\000e\000s}{}% 13
\BOOKMARK [1][-]{section.5}{\376\377\000M\000a\000t\000l\000a\000b\000\040\000C\000o\000d\000e}{}% 14
\BOOKMARK [2][-]{subsection.5.1}{\376\377\000S\000c\000r\000i\000p\000t\000s}{section.5}% 15
\BOOKMARK [3][-]{subsubsection.5.1.1}{\376\377\000g\000e\000n\000e\000r\000a\000t\000e\000\137\000r\000e\000c\000t\000a\000n\000g\000u\000l\000a\000r\000\137\000M\000e\000s\000h\000\137\000w\000i\000t\000h\000\137\000r\000e\000s\000o\000n\000a\000t\000o\000r\000s}{subsection.5.1}% 16
\BOOKMARK [3][-]{subsubsection.5.1.2}{\376\377\000N\000M\000W\000P\000\137\000P\000r\000o\000j\000e\000c\000t\000\137\000E\0002}{subsection.5.1}% 17
\BOOKMARK [3][-]{subsubsection.5.1.3}{\376\377\000N\000M\000W\000P\000\137\000P\000r\000o\000j\000e\000c\000t\000\137\000E\0003}{subsection.5.1}% 18
\BOOKMARK [3][-]{subsubsection.5.1.4}{\376\377\000N\000M\000W\000P\000\137\000P\000r\000o\000j\000e\000c\000t\000\137\000E\0004}{subsection.5.1}% 19
\BOOKMARK [2][-]{subsection.5.2}{\376\377\000F\000u\000n\000c\000t\000i\000o\000n\000s}{section.5}% 20
\BOOKMARK [3][-]{subsubsection.5.2.1}{\376\377\000s\000t\000i\000f\000f\000n\000e\000s\000s\000M\000a\000t\000r\000i\000x\0002\000D}{subsection.5.2}% 21
\BOOKMARK [3][-]{subsubsection.5.2.2}{\376\377\000m\000a\000s\000s\000M\000a\000t\000r\000i\000x\0002\000D}{subsection.5.2}% 22
\BOOKMARK [3][-]{subsubsection.5.2.3}{\376\377\000l\000o\000a\000d\000V\000e\000c\000t\000o\000r\0002\000D}{subsection.5.2}% 23
\BOOKMARK [3][-]{subsubsection.5.2.4}{\376\377\000n\000e\000u\000m\000a\000n\000n\000M\000a\000s\000s\000M\000a\000t\000r\000i\000x\0002\000D}{subsection.5.2}% 24
\BOOKMARK [3][-]{subsubsection.5.2.5}{\376\377\000n\000e\000u\000m\000a\000n\000n\000L\000o\000a\000d\000V\000e\000c\000t\000o\000r\0002\000D}{subsection.5.2}% 25
\BOOKMARK [3][-]{subsubsection.5.2.6}{\376\377\000w\000a\000v\000e\000E\000q\000L\000F\0002\000D}{subsection.5.2}% 26
\BOOKMARK [3][-]{subsubsection.5.2.7}{\376\377\000s\000o\000l\000v\000e\000\137\000e\000l\000l\000i\000p\000t\000i\000c\000\137\000B\000V\000P\000\137\0002\000d\000\137\000F\000E\000M\000\137\000N\000e\000u\000m\000a\000n\000n}{subsection.5.2}% 27
\BOOKMARK [3][-]{subsubsection.5.2.8}{\376\377\000e\000r\000r\000o\000r\0002\000d}{subsection.5.2}% 28
\BOOKMARK [3][-]{subsubsection.5.2.9}{\376\377\000g\000e\000n\000\137\000m\000e\000s\000h}{subsection.5.2}% 29
\BOOKMARK [3][-]{subsubsection.5.2.10}{\376\377\000t\000r\000i\000a\000n\000g\000u\000l\000a\000t\000i\000o\000n\0002\000d}{subsection.5.2}% 30
\BOOKMARK [3][-]{subsubsection.5.2.11}{\376\377\000g\000e\000n\000e\000r\000a\000t\000e\000M\000e\000s\000h\0002\000d\000U\000n\000i\000t\000S\000q\000u\000a\000r\000e}{subsection.5.2}% 31
